2025-12-12 00:24:23,794 - KeyloggerDetector - INFO - SYSTEM [AGENT] Agent de surveillance démarré
2025-12-12 00:24:23,858 - KeyloggerDetector - INFO - NETWORK [NEW_CONNECTION] 20.190.181.3:443 | Process: svchost.exe (PID: 4852)
2025-12-12 00:24:23,995 - KeyloggerDetector - INFO - NETWORK [NEW_CONNECTION] 98.66.133.185:443 | Process: svchost.exe (PID: 4844)
2025-12-12 00:24:24,420 - KeyloggerDetector - ERROR - SYSTEM [ERROR] Erreur lors du scan de persistance: 'int' object has no attribute 'lower'
2025-12-12 00:24:47,694 - KeyloggerDetector - INFO - PROCESS [NEW_PROCESS] System (PID: 4) - Exe: 
2025-12-12 00:24:47,869 - KeyloggerDetector - INFO - PROCESS [NEW_PROCESS] Spotify.exe (PID: 444) - Exe: C:\Program Files\WindowsApps\SpotifyAB.SpotifyMusic_1.278.418.0_x64__zpdnekdrzrea0\Spotify.exe
2025-12-12 00:24:47,906 - KeyloggerDetector - INFO - PROCESS [NEW_PROCESS] msedgewebview2.exe (PID: 1552) - Exe: C:\Program Files (x86)\Microsoft\EdgeWebView\Application\142.0.3595.94\msedgewebview2.exe
2025-12-12 00:24:47,954 - KeyloggerDetector - INFO - PROCESS [NEW_PROCESS] backgroundTaskHost.exe (PID: 1708) - Exe: C:\Windows\System32\backgroundTaskHost.exe
2025-12-12 00:24:48,001 - KeyloggerDetector - INFO - PROCESS [NEW_PROCESS] msedge.exe (PID: 1796) - Exe: C:\Program Files (x86)\Microsoft\Edge\Application\msedge.exe
2025-12-12 00:24:48,033 - KeyloggerDetector - INFO - PROCESS [NEW_PROCESS] firefox.exe (PID: 1804) - Exe: C:\Program Files\Mozilla Firefox\firefox.exe
2025-12-12 00:24:48,065 - KeyloggerDetector - INFO - PROCESS [NEW_PROCESS] msedge.exe (PID: 1864) - Exe: C:\Program Files (x86)\Microsoft\Edge\Application\msedge.exe
2025-12-12 00:24:48,097 - KeyloggerDetector - INFO - PROCESS [NEW_PROCESS] AutoModeDetect.exe (PID: 2388) - Exe: C:\Windows\System32\AutoModeDetect.exe
2025-12-12 00:24:48,128 - KeyloggerDetector - INFO - PROCESS [NEW_PROCESS] dllhost.exe (PID: 2664) - Exe: C:\Windows\System32\dllhost.exe
2025-12-12 00:24:48,159 - KeyloggerDetector - INFO - PROCESS [NEW_PROCESS] msedge.exe (PID: 2668) - Exe: C:\Program Files (x86)\Microsoft\Edge\Application\msedge.exe
2025-12-12 00:24:48,191 - KeyloggerDetector - INFO - PROCESS [NEW_PROCESS] WidgetBoard.exe (PID: 3180) - Exe: C:\Program Files\WindowsApps\MicrosoftWindows.Client.WebExperience_525.31002.150.0_x64__cw5n1h2txyewy\WidgetBoard.exe
2025-12-12 00:24:48,222 - KeyloggerDetector - INFO - PROCESS [NEW_PROCESS] Discord.exe (PID: 3252) - Exe: C:\Users\neili\AppData\Local\Discord\app-1.0.9218\Discord.exe
2025-12-12 00:24:48,458 - KeyloggerDetector - INFO - PROCESS [NEW_PROCESS] conhost.exe (PID: 3268) - Exe: C:\Windows\System32\conhost.exe
2025-12-12 00:24:48,489 - KeyloggerDetector - INFO - PROCESS [NEW_PROCESS] svchost.exe (PID: 3568) - Exe: C:\Windows\System32\svchost.exe
2025-12-12 00:24:48,551 - KeyloggerDetector - INFO - PROCESS [NEW_PROCESS] sihost.exe (PID: 3724) - Exe: C:\Windows\System32\sihost.exe
2025-12-12 00:24:48,582 - KeyloggerDetector - INFO - PROCESS [NEW_PROCESS] firefox.exe (PID: 3956) - Exe: C:\Program Files\Mozilla Firefox\firefox.exe
2025-12-12 00:24:48,614 - KeyloggerDetector - INFO - PROCESS [NEW_PROCESS] conhost.exe (PID: 4372) - Exe: C:\Windows\System32\conhost.exe
2025-12-12 00:24:48,646 - KeyloggerDetector - INFO - PROCESS [NEW_PROCESS] Cursor.exe (PID: 4484) - Exe: C:\Program Files\cursor\Cursor.exe
2025-12-12 00:24:48,676 - KeyloggerDetector - INFO - PROCESS [NEW_PROCESS] firefox.exe (PID: 4868) - Exe: C:\Program Files\Mozilla Firefox\firefox.exe
2025-12-12 00:24:48,708 - KeyloggerDetector - INFO - PROCESS [NEW_PROCESS] TextInputHost.exe (PID: 4956) - Exe: C:\Windows\SystemApps\MicrosoftWindows.Client.CBS_cw5n1h2txyewy\TextInputHost.exe
2025-12-12 00:24:48,914 - KeyloggerDetector - INFO - PROCESS [NEW_PROCESS] conhost.exe (PID: 4972) - Exe: C:\Windows\System32\conhost.exe
2025-12-12 00:24:48,924 - KeyloggerDetector - INFO - PROCESS [NEW_PROCESS] wps.exe (PID: 5064) - Exe: C:\Users\neili\AppData\Local\Kingsoft\WPS Office\12.2.0.23155\office6\wps.exe
2025-12-12 00:24:48,971 - KeyloggerDetector - INFO - PROCESS [NEW_PROCESS] Cursor.exe (PID: 5092) - Exe: C:\Program Files\cursor\Cursor.exe
2025-12-12 00:24:49,034 - KeyloggerDetector - INFO - PROCESS [NEW_PROCESS] uihost.exe (PID: 5108) - Exe: C:\Program Files\McAfee\WebAdvisor\uihost.exe
2025-12-12 00:24:49,049 - KeyloggerDetector - INFO - PROCESS [NEW_PROCESS] promecefpluginhost.exe (PID: 5176) - Exe: C:\Users\neili\AppData\Local\Kingsoft\WPS Office\12.2.0.23155\office6\promecefpluginhost.exe
2025-12-12 00:24:49,080 - KeyloggerDetector - INFO - PROCESS [NEW_PROCESS] RuntimeBroker.exe (PID: 5376) - Exe: C:\Windows\System32\RuntimeBroker.exe
2025-12-12 00:24:49,110 - KeyloggerDetector - INFO - PROCESS [NEW_PROCESS] firefox.exe (PID: 5600) - Exe: C:\Program Files\Mozilla Firefox\firefox.exe
2025-12-12 00:24:49,157 - KeyloggerDetector - INFO - PROCESS [NEW_PROCESS] explorer.exe (PID: 6312) - Exe: C:\Windows\explorer.exe
2025-12-12 00:24:49,188 - KeyloggerDetector - INFO - PROCESS [NEW_PROCESS] firefox.exe (PID: 6380) - Exe: C:\Program Files\Mozilla Firefox\firefox.exe
2025-12-12 00:24:49,422 - KeyloggerDetector - INFO - PROCESS [NEW_PROCESS] firefox.exe (PID: 6384) - Exe: C:\Program Files\Mozilla Firefox\firefox.exe
2025-12-12 00:24:49,453 - KeyloggerDetector - INFO - PROCESS [NEW_PROCESS] TabTip.exe (PID: 6492) - Exe: C:\Program Files\Common Files\microsoft shared\ink\TabTip.exe
2025-12-12 00:24:49,500 - KeyloggerDetector - INFO - PROCESS [NEW_PROCESS] FileCoAuth.exe (PID: 6704) - Exe: C:\Users\neili\AppData\Local\Microsoft\OneDrive\25.216.1104.0002_1\FileCoAuth.exe
2025-12-12 00:24:49,516 - KeyloggerDetector - INFO - PROCESS [NEW_PROCESS] helper.exe (PID: 6856) - Exe: C:\Users\neili\AppData\Roaming\uTorrent Web\helper\helper.exe
2025-12-12 00:24:49,563 - KeyloggerDetector - INFO - PROCESS [NEW_PROCESS] OneDrive.Sync.Service.exe (PID: 7540) - Exe: C:\Users\neili\AppData\Local\Microsoft\OneDrive\25.216.1104.0002_1\OneDrive.Sync.Service.exe
2025-12-12 00:24:49,597 - KeyloggerDetector - INFO - PROCESS [NEW_PROCESS] Discord.exe (PID: 7980) - Exe: C:\Users\neili\AppData\Local\Discord\app-1.0.9218\Discord.exe
2025-12-12 00:24:49,688 - KeyloggerDetector - INFO - PROCESS [NEW_PROCESS] powershell.exe (PID: 8696) - Exe: C:\Windows\System32\WindowsPowerShell\v1.0\powershell.exe
2025-12-12 00:24:49,735 - KeyloggerDetector - INFO - PROCESS [NEW_PROCESS] wps.exe (PID: 8988) - Exe: C:\Users\neili\AppData\Local\Kingsoft\WPS Office\12.2.0.23155\office6\wps.exe
2025-12-12 00:24:49,773 - KeyloggerDetector - INFO - PROCESS [NEW_PROCESS] svchost.exe (PID: 9264) - Exe: C:\Windows\System32\svchost.exe
2025-12-12 00:24:49,904 - KeyloggerDetector - INFO - PROCESS [NEW_PROCESS] BlueStacksServices.exe (PID: 9564) - Exe: C:\Users\neili\AppData\Local\Programs\bluestacks-services\BlueStacksServices.exe
2025-12-12 00:24:49,936 - KeyloggerDetector - INFO - PROCESS [NEW_PROCESS] UserOOBEBroker.exe (PID: 9828) - Exe: C:\Windows\System32\oobe\UserOOBEBroker.exe
2025-12-12 00:24:50,169 - KeyloggerDetector - INFO - PROCESS [NEW_PROCESS] msedge.exe (PID: 9876) - Exe: C:\Program Files (x86)\Microsoft\Edge\Application\msedge.exe
2025-12-12 00:24:50,200 - KeyloggerDetector - INFO - PROCESS [NEW_PROCESS] Spotify.exe (PID: 9968) - Exe: C:\Program Files\WindowsApps\SpotifyAB.SpotifyMusic_1.278.418.0_x64__zpdnekdrzrea0\Spotify.exe
2025-12-12 00:24:50,247 - KeyloggerDetector - INFO - PROCESS [NEW_PROCESS] wpscloudsvr.exe (PID: 9984) - Exe: C:\Users\neili\AppData\Local\Kingsoft\WPS Office\12.2.0.23155\office6\wpscloudsvr.exe
2025-12-12 00:24:50,278 - KeyloggerDetector - INFO - PROCESS [NEW_PROCESS] conhost.exe (PID: 10040) - Exe: C:\Windows\System32\conhost.exe
2025-12-12 00:24:50,309 - KeyloggerDetector - INFO - PROCESS [NEW_PROCESS] bash.exe (PID: 10048) - Exe: C:\Program Files\Git\usr\bin\bash.exe
2025-12-12 00:24:50,559 - KeyloggerDetector - INFO - PROCESS [NEW_PROCESS] powershell.exe (PID: 10228) - Exe: C:\Windows\System32\WindowsPowerShell\v1.0\powershell.exe
2025-12-12 00:24:50,590 - KeyloggerDetector - INFO - PROCESS [NEW_PROCESS] FnHotkeyCapsLKNumLK.exe (PID: 10316) - Exe: C:\Windows\System32\DriverStore\FileRepository\lenovofnandfunctionkeys.inf_amd64_e40ba436be734fd2\FnHotkeyCapsLKNumLK.exe
2025-12-12 00:24:50,621 - KeyloggerDetector - INFO - PROCESS [NEW_PROCESS] svchost.exe (PID: 10332) - Exe: C:\Windows\System32\svchost.exe
2025-12-12 00:24:50,653 - KeyloggerDetector - INFO - PROCESS [NEW_PROCESS] svchost.exe (PID: 10540) - Exe: C:\Windows\System32\svchost.exe
2025-12-12 00:24:50,684 - KeyloggerDetector - INFO - PROCESS [NEW_PROCESS] FnHotkeyUtility.exe (PID: 10592) - Exe: C:\Windows\System32\DriverStore\FileRepository\lenovofnandfunctionkeys.inf_amd64_e40ba436be734fd2\FnHotkeyUtility.exe
2025-12-12 00:24:50,714 - KeyloggerDetector - INFO - PROCESS [NEW_PROCESS] unsecapp.exe (PID: 10644) - Exe: C:\Windows\System32\wbem\unsecapp.exe
2025-12-12 00:24:50,761 - KeyloggerDetector - INFO - PROCESS [NEW_PROCESS] taskhostw.exe (PID: 10688) - Exe: C:\Windows\System32\taskhostw.exe
2025-12-12 00:24:50,792 - KeyloggerDetector - INFO - PROCESS [NEW_PROCESS] Cursor.exe (PID: 10904) - Exe: C:\Program Files\cursor\Cursor.exe
2025-12-12 00:24:50,822 - KeyloggerDetector - INFO - PROCESS [NEW_PROCESS] firefox.exe (PID: 10940) - Exe: C:\Program Files\Mozilla Firefox\firefox.exe
2025-12-12 00:24:50,852 - KeyloggerDetector - INFO - PROCESS [NEW_PROCESS] igfxEMN.exe (PID: 11304) - Exe: C:\Windows\System32\DriverStore\FileRepository\cui_dch.inf_amd64_05a153f767b80b04\igfxEMN.exe
2025-12-12 00:24:50,883 - KeyloggerDetector - INFO - PROCESS [NEW_PROCESS] msedgewebview2.exe (PID: 11784) - Exe: C:\Program Files (x86)\Microsoft\EdgeWebView\Application\142.0.3595.94\msedgewebview2.exe
2025-12-12 00:24:50,930 - KeyloggerDetector - INFO - PROCESS [NEW_PROCESS] msedgewebview2.exe (PID: 12172) - Exe: C:\Program Files (x86)\Microsoft\EdgeWebView\Application\142.0.3595.94\msedgewebview2.exe
2025-12-12 00:24:50,977 - KeyloggerDetector - INFO - PROCESS [NEW_PROCESS] StartMenuExperienceHost.exe (PID: 12204) - Exe: C:\Windows\SystemApps\Microsoft.Windows.StartMenuExperienceHost_cw5n1h2txyewy\StartMenuExperienceHost.exe
2025-12-12 00:24:51,222 - KeyloggerDetector - INFO - PROCESS [NEW_PROCESS] RtkUWP.exe (PID: 12316) - Exe: C:\Program Files\WindowsApps\RealtekSemiconductorCorp.RealtekAudioControl_1.44.302.0_x64__dt26b99r8h8gj\RtkUWP.exe
2025-12-12 00:24:51,273 - KeyloggerDetector - INFO - PROCESS [NEW_PROCESS] msedgewebview2.exe (PID: 12324) - Exe: C:\Program Files (x86)\Microsoft\EdgeWebView\Application\142.0.3595.94\msedgewebview2.exe
2025-12-12 00:24:51,304 - KeyloggerDetector - INFO - PROCESS [NEW_PROCESS] crashhelper.exe (PID: 12632) - Exe: C:\Program Files\Mozilla Firefox\crashhelper.exe
2025-12-12 00:24:51,350 - KeyloggerDetector - INFO - PROCESS [NEW_PROCESS] Discord.exe (PID: 12712) - Exe: C:\Users\neili\AppData\Local\Discord\app-1.0.9218\Discord.exe
2025-12-12 00:24:51,366 - KeyloggerDetector - INFO - PROCESS [NEW_PROCESS] dllhost.exe (PID: 12748) - Exe: C:\Windows\System32\dllhost.exe
2025-12-12 00:24:51,397 - KeyloggerDetector - INFO - PROCESS [NEW_PROCESS] svchost.exe (PID: 12816) - Exe: C:\Windows\System32\svchost.exe
2025-12-12 00:24:51,443 - KeyloggerDetector - INFO - PROCESS [NEW_PROCESS] MicrosoftStartFeedProvider.exe (PID: 12904) - Exe: C:\Program Files\WindowsApps\Microsoft.StartExperiencesApp_1.179.4.0_x64__8wekyb3d8bbwe\MicrosoftStartFeedProvider\MicrosoftStartFeedProvider.exe
2025-12-12 00:24:51,474 - KeyloggerDetector - INFO - PROCESS [NEW_PROCESS] ctfmon.exe (PID: 12912) - Exe: C:\Windows\System32\ctfmon.exe
2025-12-12 00:24:51,521 - KeyloggerDetector - INFO - PROCESS [NEW_PROCESS] svchost.exe (PID: 13020) - Exe: C:\Windows\System32\svchost.exe
2025-12-12 00:24:51,552 - KeyloggerDetector - INFO - PROCESS [NEW_PROCESS] msedgewebview2.exe (PID: 13252) - Exe: C:\Program Files (x86)\Microsoft\EdgeWebView\Application\142.0.3595.94\msedgewebview2.exe
2025-12-12 00:24:51,677 - KeyloggerDetector - INFO - PROCESS [NEW_PROCESS] SystemSettings.exe (PID: 13436) - Exe: C:\Windows\ImmersiveControlPanel\SystemSettings.exe
2025-12-12 00:24:51,740 - KeyloggerDetector - INFO - PROCESS [NEW_PROCESS] Cursor.exe (PID: 13684) - Exe: C:\Program Files\cursor\Cursor.exe
2025-12-12 00:24:51,753 - KeyloggerDetector - INFO - PROCESS [NEW_PROCESS] msedgewebview2.exe (PID: 13688) - Exe: C:\Program Files (x86)\Microsoft\EdgeWebView\Application\142.0.3595.94\msedgewebview2.exe
2025-12-12 00:24:51,927 - KeyloggerDetector - INFO - PROCESS [NEW_PROCESS] Telegram.exe (PID: 13764) - Exe: C:\Users\neili\AppData\Roaming\Telegram Desktop\Telegram.exe
2025-12-12 00:24:51,943 - KeyloggerDetector - INFO - PROCESS [NEW_PROCESS] WidgetService.exe (PID: 13768) - Exe: C:\Program Files\WindowsApps\Microsoft.WidgetsPlatformRuntime_1.6.14.0_x64__8wekyb3d8bbwe\WidgetService\WidgetService.exe
2025-12-12 00:24:51,972 - KeyloggerDetector - INFO - PROCESS [NEW_PROCESS] firefox.exe (PID: 13880) - Exe: C:\Program Files\Mozilla Firefox\firefox.exe
2025-12-12 00:24:52,003 - KeyloggerDetector - INFO - PROCESS [NEW_PROCESS] firefox.exe (PID: 13940) - Exe: C:\Program Files\Mozilla Firefox\firefox.exe
2025-12-12 00:24:52,019 - KeyloggerDetector - INFO - PROCESS [NEW_PROCESS] SearchHost.exe (PID: 14140) - Exe: C:\Windows\SystemApps\MicrosoftWindows.Client.CBS_cw5n1h2txyewy\SearchHost.exe
2025-12-12 00:24:52,065 - KeyloggerDetector - INFO - PROCESS [NEW_PROCESS] firefox.exe (PID: 14204) - Exe: C:\Program Files\Mozilla Firefox\firefox.exe
2025-12-12 00:24:52,095 - KeyloggerDetector - INFO - PROCESS [NEW_PROCESS] wps.exe (PID: 14504) - Exe: C:\Users\neili\AppData\Local\Kingsoft\WPS Office\12.2.0.23155\office6\wps.exe
2025-12-12 00:24:52,361 - KeyloggerDetector - INFO - PROCESS [NEW_PROCESS] BlueStacksServices.exe (PID: 14872) - Exe: C:\Users\neili\AppData\Local\Programs\bluestacks-services\BlueStacksServices.exe
2025-12-12 00:24:52,392 - KeyloggerDetector - INFO - PROCESS [NEW_PROCESS] wps.exe (PID: 14900) - Exe: C:\Users\neili\AppData\Local\Kingsoft\WPSOFF~1\1220~2.231\office6\wps.exe
2025-12-12 00:24:52,423 - KeyloggerDetector - INFO - PROCESS [NEW_PROCESS] Cursor.exe (PID: 15028) - Exe: C:\Program Files\cursor\Cursor.exe
2025-12-12 00:24:52,454 - KeyloggerDetector - INFO - PROCESS [NEW_PROCESS] ShellHost.exe (PID: 15080) - Exe: C:\Windows\System32\ShellHost.exe
2025-12-12 00:24:52,485 - KeyloggerDetector - INFO - PROCESS [NEW_PROCESS] firefox.exe (PID: 15236) - Exe: C:\Program Files\Mozilla Firefox\firefox.exe
2025-12-12 00:24:52,516 - KeyloggerDetector - INFO - PROCESS [NEW_PROCESS] msedge.exe (PID: 15396) - Exe: C:\Program Files (x86)\Microsoft\Edge\Application\msedge.exe
2025-12-12 00:24:52,546 - KeyloggerDetector - INFO - PROCESS [NEW_PROCESS] cmd.exe (PID: 15640) - Exe: C:\Windows\System32\cmd.exe
2025-12-12 00:24:52,578 - KeyloggerDetector - INFO - PROCESS [NEW_PROCESS] node.exe (PID: 15676) - Exe: C:\Program Files\cursor\resources\app\resources\helpers\node.exe
2025-12-12 00:24:52,624 - KeyloggerDetector - INFO - PROCESS [NEW_PROCESS] conhost.exe (PID: 15752) - Exe: C:\Windows\System32\conhost.exe
2025-12-12 00:24:52,640 - KeyloggerDetector - INFO - PROCESS [NEW_PROCESS] ssh-agent.exe (PID: 15824) - Exe: C:\Program Files\Git\usr\bin\ssh-agent.exe
2025-12-12 00:24:52,702 - KeyloggerDetector - INFO - PROCESS [NEW_PROCESS] msedge.exe (PID: 15960) - Exe: C:\Program Files (x86)\Microsoft\Edge\Application\msedge.exe
2025-12-12 00:24:52,803 - KeyloggerDetector - INFO - PROCESS [NEW_PROCESS] firefox.exe (PID: 15996) - Exe: C:\Program Files\Mozilla Firefox\firefox.exe
2025-12-12 00:24:52,825 - KeyloggerDetector - INFO - PROCESS [NEW_PROCESS] Cursor.exe (PID: 16080) - Exe: C:\Program Files\cursor\Cursor.exe
2025-12-12 00:24:52,841 - KeyloggerDetector - INFO - PROCESS [NEW_PROCESS] wps.exe (PID: 16152) - Exe: C:\Users\neili\AppData\Local\Kingsoft\WPSOFF~1\1220~2.231\office6\wps.exe
2025-12-12 00:24:52,903 - KeyloggerDetector - INFO - PROCESS [NEW_PROCESS] RuntimeBroker.exe (PID: 16180) - Exe: C:\Windows\System32\RuntimeBroker.exe
2025-12-12 00:24:53,043 - KeyloggerDetector - INFO - PROCESS [NEW_PROCESS] RuntimeBroker.exe (PID: 16308) - Exe: C:\Windows\System32\RuntimeBroker.exe
2025-12-12 00:24:53,058 - KeyloggerDetector - INFO - PROCESS [NEW_PROCESS] promecefpluginhost.exe (PID: 16380) - Exe: C:\Users\neili\AppData\Local\Kingsoft\WPS Office\12.2.0.23155\office6\promecefpluginhost.exe
2025-12-12 00:24:53,089 - KeyloggerDetector - INFO - PROCESS [NEW_PROCESS] Discord.exe (PID: 16536) - Exe: C:\Users\neili\AppData\Local\Discord\app-1.0.9218\Discord.exe
2025-12-12 00:24:53,119 - KeyloggerDetector - INFO - PROCESS [NEW_PROCESS] LockApp.exe (PID: 16712) - Exe: C:\Windows\SystemApps\Microsoft.LockApp_cw5n1h2txyewy\LockApp.exe
2025-12-12 00:24:53,150 - KeyloggerDetector - INFO - PROCESS [NEW_PROCESS] Spotify.exe (PID: 16760) - Exe: C:\Program Files\WindowsApps\SpotifyAB.SpotifyMusic_1.278.418.0_x64__zpdnekdrzrea0\Spotify.exe
2025-12-12 00:24:53,198 - KeyloggerDetector - INFO - PROCESS [NEW_PROCESS] RuntimeBroker.exe (PID: 16808) - Exe: C:\Windows\System32\RuntimeBroker.exe
2025-12-12 00:24:53,448 - KeyloggerDetector - INFO - PROCESS [NEW_PROCESS] RuntimeBroker.exe (PID: 16920) - Exe: C:\Windows\System32\RuntimeBroker.exe
2025-12-12 00:24:53,510 - KeyloggerDetector - INFO - PROCESS [NEW_PROCESS] Cursor.exe (PID: 16992) - Exe: C:\Program Files\cursor\Cursor.exe
2025-12-12 00:24:53,840 - KeyloggerDetector - INFO - PROCESS [NEW_PROCESS] git-bash.exe (PID: 17028) - Exe: C:\Program Files\Git\git-bash.exe
2025-12-12 00:24:53,871 - KeyloggerDetector - INFO - PROCESS [NEW_PROCESS] ShellExperienceHost.exe (PID: 17404) - Exe: C:\Windows\SystemApps\ShellExperienceHost_cw5n1h2txyewy\ShellExperienceHost.exe
2025-12-12 00:24:53,917 - KeyloggerDetector - INFO - PROCESS [NEW_PROCESS] ssh-agent.exe (PID: 17424) - Exe: C:\Program Files\Git\usr\bin\ssh-agent.exe
2025-12-12 00:24:53,964 - KeyloggerDetector - INFO - PROCESS [NEW_PROCESS] Spotify.exe (PID: 17552) - Exe: C:\Program Files\WindowsApps\SpotifyAB.SpotifyMusic_1.278.418.0_x64__zpdnekdrzrea0\Spotify.exe
2025-12-12 00:24:53,995 - KeyloggerDetector - INFO - PROCESS [NEW_PROCESS] BlueStacksServices.exe (PID: 17564) - Exe: C:\Users\neili\AppData\Local\Programs\bluestacks-services\BlueStacksServices.exe
2025-12-12 00:24:54,227 - KeyloggerDetector - INFO - PROCESS [NEW_PROCESS] RuntimeBroker.exe (PID: 17668) - Exe: C:\Windows\System32\RuntimeBroker.exe
2025-12-12 00:24:54,290 - KeyloggerDetector - INFO - PROCESS [NEW_PROCESS] msedgewebview2.exe (PID: 17824) - Exe: C:\Program Files (x86)\Microsoft\EdgeWebView\Application\142.0.3595.94\msedgewebview2.exe
2025-12-12 00:24:54,321 - KeyloggerDetector - INFO - PROCESS [NEW_PROCESS] SecurityHealthSystray.exe (PID: 18344) - Exe: C:\Windows\System32\SecurityHealthSystray.exe
2025-12-12 00:24:54,338 - KeyloggerDetector - INFO - PROCESS [NEW_PROCESS] Cursor.exe (PID: 18352) - Exe: C:\Program Files\cursor\Cursor.exe
2025-12-12 00:24:54,551 - KeyloggerDetector - INFO - PROCESS [NEW_PROCESS] RtkAudUService64.exe (PID: 18428) - Exe: C:\Windows\System32\DriverStore\FileRepository\realtekservice.inf_amd64_01de91f5c3258938\RtkAudUService64.exe
2025-12-12 00:24:54,585 - KeyloggerDetector - INFO - PROCESS [NEW_PROCESS] msedgewebview2.exe (PID: 18560) - Exe: C:\Program Files (x86)\Microsoft\EdgeWebView\Application\142.0.3595.94\msedgewebview2.exe
2025-12-12 00:24:54,631 - KeyloggerDetector - INFO - PROCESS [NEW_PROCESS] svchost.exe (PID: 18724) - Exe: C:\Windows\System32\svchost.exe
2025-12-12 00:24:54,695 - KeyloggerDetector - INFO - PROCESS [NEW_PROCESS] svchost.exe (PID: 18932) - Exe: C:\Windows\System32\svchost.exe
2025-12-12 00:24:54,726 - KeyloggerDetector - INFO - PROCESS [NEW_PROCESS] wps.exe (PID: 19084) - Exe: C:\Users\neili\AppData\Local\Kingsoft\WPSOFF~1\1220~2.231\office6\wps.exe
2025-12-12 00:24:54,757 - KeyloggerDetector - INFO - PROCESS [NEW_PROCESS] svchost.exe (PID: 19244) - Exe: C:\Windows\System32\svchost.exe
2025-12-12 00:24:54,788 - KeyloggerDetector - INFO - PROCESS [NEW_PROCESS] Spotify.exe (PID: 19588) - Exe: C:\Program Files\WindowsApps\SpotifyAB.SpotifyMusic_1.278.418.0_x64__zpdnekdrzrea0\Spotify.exe
2025-12-12 00:24:54,816 - KeyloggerDetector - INFO - PROCESS [NEW_PROCESS] wpscenter.exe (PID: 19664) - Exe: C:\Users\neili\AppData\Local\Kingsoft\WPS Office\12.2.0.23155\office6\wpscenter.exe
2025-12-12 00:24:54,867 - KeyloggerDetector - INFO - PROCESS [NEW_PROCESS] msedgewebview2.exe (PID: 19704) - Exe: C:\Program Files (x86)\Microsoft\EdgeWebView\Application\142.0.3595.94\msedgewebview2.exe
2025-12-12 00:24:54,944 - KeyloggerDetector - INFO - PROCESS [NEW_PROCESS] PushNotificationsLongRunningTask.exe (PID: 19824) - Exe: C:\Program Files\WindowsApps\MicrosoftCorporationII.WinAppRuntime.Singleton_8000.675.1142.0_x64__8wekyb3d8bbwe\PushNotificationsLongRunningTask.exe
2025-12-12 00:24:54,976 - KeyloggerDetector - INFO - PROCESS [NEW_PROCESS] backgroundTaskHost.exe (PID: 20016) - Exe: C:\Windows\System32\backgroundTaskHost.exe
2025-12-12 00:24:55,998 - KeyloggerDetector - INFO - PROCESS [NEW_PROCESS] figma_agent.exe (PID: 20120) - Exe: C:\Users\neili\AppData\Local\FigmaAgent\figma_agent.exe
2025-12-12 00:24:56,073 - KeyloggerDetector - INFO - PROCESS [NEW_PROCESS] Cursor.exe (PID: 20324) - Exe: C:\Program Files\cursor\Cursor.exe
2025-12-12 00:24:56,431 - KeyloggerDetector - INFO - PROCESS [NEW_PROCESS] jusched.exe (PID: 20336) - Exe: C:\Program Files (x86)\Common Files\Java\Java Update\jusched.exe
2025-12-12 00:24:56,494 - KeyloggerDetector - INFO - PROCESS [NEW_PROCESS] Spotify.exe (PID: 20472) - Exe: C:\Program Files\WindowsApps\SpotifyAB.SpotifyMusic_1.278.418.0_x64__zpdnekdrzrea0\Spotify.exe
2025-12-12 00:24:56,525 - KeyloggerDetector - INFO - PROCESS [NEW_PROCESS] BlueStacksServices.exe (PID: 21012) - Exe: C:\Users\neili\AppData\Local\Programs\bluestacks-services\BlueStacksServices.exe
2025-12-12 00:24:56,602 - KeyloggerDetector - INFO - PROCESS [NEW_PROCESS] Discord.exe (PID: 21100) - Exe: C:\Users\neili\AppData\Local\Discord\app-1.0.9218\Discord.exe
2025-12-12 00:24:56,632 - KeyloggerDetector - INFO - PROCESS [NEW_PROCESS] utweb.exe (PID: 21240) - Exe: C:\Users\neili\AppData\Roaming\uTorrent Web\utweb.exe
2025-12-12 00:24:56,663 - KeyloggerDetector - INFO - PROCESS [NEW_PROCESS] LenovoVantage-(GenericMessagingAddin).exe (PID: 21316) - Exe: C:\Program Files (x86)\Lenovo\VantageService\4.2511.18.0\LenovoVantage-(GenericMessagingAddin).exe
2025-12-12 00:24:56,693 - KeyloggerDetector - INFO - PROCESS [NEW_PROCESS] msedgewebview2.exe (PID: 21424) - Exe: C:\Program Files (x86)\Microsoft\EdgeWebView\Application\142.0.3595.94\msedgewebview2.exe
2025-12-12 00:24:56,739 - KeyloggerDetector - INFO - PROCESS [NEW_PROCESS] Discord.exe (PID: 21432) - Exe: C:\Users\neili\AppData\Local\Discord\app-1.0.9218\Discord.exe
2025-12-12 00:24:56,786 - KeyloggerDetector - INFO - PROCESS [NEW_PROCESS] msedgewebview2.exe (PID: 21520) - Exe: C:\Program Files (x86)\Microsoft\EdgeWebView\Application\142.0.3595.94\msedgewebview2.exe
2025-12-12 00:24:56,817 - KeyloggerDetector - INFO - PROCESS [NEW_PROCESS] msedgewebview2.exe (PID: 21652) - Exe: C:\Program Files (x86)\Microsoft\EdgeWebView\Application\142.0.3595.94\msedgewebview2.exe
2025-12-12 00:24:56,848 - KeyloggerDetector - INFO - PROCESS [NEW_PROCESS] msedgewebview2.exe (PID: 21712) - Exe: C:\Program Files (x86)\Microsoft\EdgeWebView\Application\142.0.3595.94\msedgewebview2.exe
2025-12-12 00:24:56,879 - KeyloggerDetector - INFO - PROCESS [NEW_PROCESS] msedge.exe (PID: 21724) - Exe: C:\Program Files (x86)\Microsoft\Edge\Application\msedge.exe
2025-12-12 00:24:56,909 - KeyloggerDetector - INFO - PROCESS [NEW_PROCESS] msedgewebview2.exe (PID: 21996) - Exe: C:\Program Files (x86)\Microsoft\EdgeWebView\Application\142.0.3595.94\msedgewebview2.exe
2025-12-12 00:24:56,940 - KeyloggerDetector - INFO - PROCESS [NEW_PROCESS] msedgewebview2.exe (PID: 22104) - Exe: C:\Program Files (x86)\Microsoft\EdgeWebView\Application\142.0.3595.94\msedgewebview2.exe
2025-12-12 00:24:56,988 - KeyloggerDetector - INFO - PROCESS [NEW_PROCESS] msedgewebview2.exe (PID: 22108) - Exe: C:\Program Files (x86)\Microsoft\EdgeWebView\Application\142.0.3595.94\msedgewebview2.exe
2025-12-12 00:24:57,003 - KeyloggerDetector - INFO - PROCESS [NEW_PROCESS] msedgewebview2.exe (PID: 22196) - Exe: C:\Program Files (x86)\Microsoft\EdgeWebView\Application\142.0.3595.94\msedgewebview2.exe
2025-12-12 00:24:57,066 - KeyloggerDetector - INFO - PROCESS [NEW_PROCESS] msedgewebview2.exe (PID: 22420) - Exe: C:\Program Files (x86)\Microsoft\EdgeWebView\Application\142.0.3595.94\msedgewebview2.exe
2025-12-12 00:24:57,114 - KeyloggerDetector - INFO - PROCESS [NEW_PROCESS] mintty.exe (PID: 22508) - Exe: C:\Program Files\Git\usr\bin\mintty.exe
2025-12-12 00:24:57,145 - KeyloggerDetector - INFO - PROCESS [NEW_PROCESS] msedgewebview2.exe (PID: 22600) - Exe: C:\Program Files (x86)\Microsoft\EdgeWebView\Application\142.0.3595.94\msedgewebview2.exe
2025-12-12 00:24:57,207 - KeyloggerDetector - INFO - PROCESS [NEW_PROCESS] msedgewebview2.exe (PID: 22928) - Exe: C:\Program Files (x86)\Microsoft\EdgeWebView\Application\142.0.3595.94\msedgewebview2.exe
2025-12-12 00:24:57,222 - KeyloggerDetector - INFO - PROCESS [NEW_PROCESS] RuntimeBroker.exe (PID: 23268) - Exe: C:\Windows\System32\RuntimeBroker.exe
2025-12-12 00:24:57,254 - KeyloggerDetector - INFO - PROCESS [NEW_PROCESS] firefox.exe (PID: 23392) - Exe: C:\Program Files\Mozilla Firefox\firefox.exe
2025-12-12 00:24:57,629 - KeyloggerDetector - INFO - PROCESS [NEW_PROCESS] Spotify.exe (PID: 23544) - Exe: C:\Program Files\WindowsApps\SpotifyAB.SpotifyMusic_1.278.418.0_x64__zpdnekdrzrea0\Spotify.exe
2025-12-12 00:24:57,659 - KeyloggerDetector - INFO - PROCESS [NEW_PROCESS] msedgewebview2.exe (PID: 23880) - Exe: C:\Program Files (x86)\Microsoft\EdgeWebView\Application\142.0.3595.94\msedgewebview2.exe
2025-12-12 00:24:57,705 - KeyloggerDetector - INFO - PROCESS [NEW_PROCESS] msedgewebview2.exe (PID: 23888) - Exe: C:\Program Files (x86)\Microsoft\EdgeWebView\Application\142.0.3595.94\msedgewebview2.exe
2025-12-12 00:24:57,736 - KeyloggerDetector - INFO - PROCESS [NEW_PROCESS] powershell.exe (PID: 23968) - Exe: C:\Windows\System32\WindowsPowerShell\v1.0\powershell.exe
2025-12-12 00:24:57,752 - KeyloggerDetector - INFO - PROCESS [NEW_PROCESS] Cursor.exe (PID: 24128) - Exe: C:\Program Files\cursor\Cursor.exe
2025-12-12 00:24:57,767 - KeyloggerDetector - INFO - PROCESS [NEW_PROCESS] firefox.exe (PID: 24284) - Exe: C:\Program Files\Mozilla Firefox\firefox.exe
2025-12-12 00:24:57,782 - KeyloggerDetector - INFO - PROCESS [NEW_PROCESS] firefox.exe (PID: 24396) - Exe: C:\Program Files\Mozilla Firefox\firefox.exe
2025-12-12 00:24:57,844 - KeyloggerDetector - INFO - PROCESS [NEW_PROCESS] msedgewebview2.exe (PID: 24592) - Exe: C:\Program Files (x86)\Microsoft\EdgeWebView\Application\142.0.3595.94\msedgewebview2.exe
2025-12-12 00:24:57,875 - KeyloggerDetector - INFO - PROCESS [NEW_PROCESS] msedgewebview2.exe (PID: 24892) - Exe: C:\Program Files (x86)\Microsoft\EdgeWebView\Application\142.0.3595.94\msedgewebview2.exe
2025-12-12 00:24:57,923 - KeyloggerDetector - INFO - PROCESS [NEW_PROCESS] firefox.exe (PID: 24960) - Exe: C:\Program Files\Mozilla Firefox\firefox.exe
2025-12-12 00:24:57,955 - KeyloggerDetector - INFO - PROCESS [NEW_PROCESS] Cursor.exe (PID: 25176) - Exe: C:\Program Files\cursor\Cursor.exe
2025-12-12 00:24:57,971 - KeyloggerDetector - INFO - PROCESS [NEW_PROCESS] msedge.exe (PID: 25180) - Exe: C:\Program Files (x86)\Microsoft\Edge\Application\msedge.exe
2025-12-12 00:24:58,033 - KeyloggerDetector - INFO - PROCESS [NEW_PROCESS] firefox.exe (PID: 25208) - Exe: C:\Program Files\Mozilla Firefox\firefox.exe
2025-12-12 00:24:58,049 - KeyloggerDetector - INFO - PROCESS [NEW_PROCESS] ms-teams.exe (PID: 25248) - Exe: C:\Program Files\WindowsApps\MSTeams_25306.804.4102.7193_x64__8wekyb3d8bbwe\ms-teams.exe
2025-12-12 00:24:58,095 - KeyloggerDetector - INFO - PROCESS [NEW_PROCESS] msedgewebview2.exe (PID: 25268) - Exe: C:\Program Files (x86)\Microsoft\EdgeWebView\Application\142.0.3595.94\msedgewebview2.exe
2025-12-12 00:24:58,159 - KeyloggerDetector - INFO - PROCESS [NEW_PROCESS] RuntimeBroker.exe (PID: 25444) - Exe: C:\Windows\System32\RuntimeBroker.exe
2025-12-12 00:24:58,190 - KeyloggerDetector - INFO - PROCESS [NEW_PROCESS] msedgewebview2.exe (PID: 25572) - Exe: C:\Program Files (x86)\Microsoft\EdgeWebView\Application\142.0.3595.94\msedgewebview2.exe
2025-12-12 00:24:58,222 - KeyloggerDetector - INFO - PROCESS [NEW_PROCESS] RuntimeBroker.exe (PID: 25944) - Exe: C:\Windows\System32\RuntimeBroker.exe
2025-12-12 00:24:58,270 - KeyloggerDetector - INFO - PROCESS [NEW_PROCESS] wpspdf.exe (PID: 25960) - Exe: C:\Users\neili\AppData\Local\Kingsoft\WPS Office\12.2.0.23155\office6\wpspdf.exe
2025-12-12 00:24:58,301 - KeyloggerDetector - INFO - PROCESS [NEW_PROCESS] CrossDeviceService.exe (PID: 26392) - Exe: C:\Program Files\WindowsApps\MicrosoftWindows.CrossDevice_1.25102.46.0_x64__cw5n1h2txyewy\CrossDeviceService.exe
2025-12-12 00:24:58,379 - KeyloggerDetector - INFO - PROCESS [NEW_PROCESS] ApplicationFrameHost.exe (PID: 26592) - Exe: C:\Windows\System32\ApplicationFrameHost.exe
2025-12-12 00:24:58,409 - KeyloggerDetector - INFO - PROCESS [NEW_PROCESS] python.exe (PID: 27408) - Exe: C:\Python314\python.exe
2025-12-12 00:24:58,440 - KeyloggerDetector - INFO - PROCESS [NEW_PROCESS] Cursor.exe (PID: 27448) - Exe: C:\Program Files\cursor\Cursor.exe
2025-12-12 00:24:58,488 - KeyloggerDetector - INFO - PROCESS [NEW_PROCESS] conhost.exe (PID: 27496) - Exe: C:\Windows\System32\conhost.exe
2025-12-12 00:24:58,519 - KeyloggerDetector - INFO - PROCESS [NEW_PROCESS] unsecapp.exe (PID: 27596) - Exe: C:\Windows\System32\wbem\unsecapp.exe
2025-12-12 00:24:58,550 - KeyloggerDetector - INFO - PROCESS [NEW_PROCESS] Cursor.exe (PID: 27836) - Exe: C:\Program Files\cursor\Cursor.exe
2025-12-12 00:24:58,963 - KeyloggerDetector - INFO - PROCESS [NEW_PROCESS] Cursor.exe (PID: 28464) - Exe: C:\Program Files\cursor\Cursor.exe
2025-12-12 00:24:59,018 - KeyloggerDetector - INFO - PROCESS [NEW_PROCESS] cmd.exe (PID: 29028) - Exe: C:\Windows\System32\cmd.exe
